# JRE version: 6.0_31-b31
# Java VM: OpenJDK 64-Bit Server VM (23.25-b01 mixed mode linux-amd64 compressed oops)
Heap
 PSYoungGen      total 78464K, used 31545K [0x00000000f2200000, 0x00000000f7db0000, 0x0000000100000000)
  eden space 73984K, 41% used [0x00000000f2200000,0x00000000f3fbe498,0x00000000f6a40000)
  from space 4480K, 24% used [0x00000000f6a40000,0x00000000f6b50018,0x00000000f6ea0000)
  to   space 4288K, 0% used [0x00000000f7980000,0x00000000f7980000,0x00000000f7db0000)
 ParOldGen       total 129344K, used 51759K [0x00000000d6600000, 0x00000000de450000, 0x00000000f2200000)
  object space 129344K, 40% used [0x00000000d6600000,0x00000000d988bf50,0x00000000de450000)
 PSPermGen       total 46912K, used 23299K [0x00000000cc000000, 0x00000000cedd0000, 0x00000000d6600000)
  object space 46912K, 49% used [0x00000000cc000000,0x00000000cd6c0ee0,0x00000000cedd0000)
GC Heap History (10 events):
Event: 214.526 GC heap before
{Heap before GC invocations=13 (full 3):
 PSYoungGen      total 53056K, used 49024K [0x00000000f2200000, 0x00000000f6cc0000, 0x0000000100000000)
  eden space 49024K, 100% used [0x00000000f2200000,0x00000000f51e0000,0x00000000f51e0000)
  from space 4032K, 0% used [0x00000000f51e0000,0x00000000f51e0000,0x00000000f55d0000)
  to   space 4288K, 0% used [0x00000000f6890000,0x00000000f6890000,0x00000000f6cc0000)
 ParOldGen       total 102592K, used 43271K [0x00000000d6600000, 0x00000000dca30000, 0x00000000f2200000)
  object space 102592K, 42% used [0x00000000d6600000,0x00000000d9041c18,0x00000000dca30000)
 PSPermGen       total 48576K, used 23082K [0x00000000cc000000, 0x00000000cef70000, 0x00000000d6600000)
  object space 48576K, 47% used [0x00000000cc000000,0x00000000cd68aa58,0x00000000cef70000)
Event: 214.567 GC heap after
Heap after GC invocations=13 (full 3):
 PSYoungGen      total 60800K, used 416K [0x00000000f2200000, 0x00000000f6900000, 0x0000000100000000)
  eden space 60352K, 0% used [0x00000000f2200000,0x00000000f2200000,0x00000000f5cf0000)
  from space 448K, 92% used [0x00000000f6890000,0x00000000f68f8000,0x00000000f6900000)
  to   space 4416K, 0% used [0x00000000f6060000,0x00000000f6060000,0x00000000f64b0000)
 ParOldGen       total 102592K, used 93356K [0x00000000d6600000, 0x00000000dca30000, 0x00000000f2200000)
  object space 102592K, 90% used [0x00000000d6600000,0x00000000dc12b078,0x00000000dca30000)
 PSPermGen       total 48576K, used 23082K [0x00000000cc000000, 0x00000000cef70000, 0x00000000d6600000)
  object space 48576K, 47% used [0x00000000cc000000,0x00000000cd68aa58,0x00000000cef70000)
}
Event: 214.567 GC heap before
{Heap before GC invocations=14 (full 4):
 PSYoungGen      total 60800K, used 416K [0x00000000f2200000, 0x00000000f6900000, 0x0000000100000000)
  eden space 60352K, 0% used [0x00000000f2200000,0x00000000f2200000,0x00000000f5cf0000)
  from space 448K, 92% used [0x00000000f6890000,0x00000000f68f8000,0x00000000f6900000)
  to   space 4416K, 0% used [0x00000000f6060000,0x00000000f6060000,0x00000000f64b0000)
 ParOldGen       total 102592K, used 93356K [0x00000000d6600000, 0x00000000dca30000, 0x00000000f2200000)
  object space 102592K, 90% used [0x00000000d6600000,0x00000000dc12b078,0x00000000dca30000)
 PSPermGen       total 48576K, used 23082K [0x00000000cc000000, 0x00000000cef70000, 0x00000000d6600000)
  object space 48576K, 47% used [0x00000000cc000000,0x00000000cd68aa58,0x00000000cef70000)
Event: 214.660 GC heap after
Heap after GC invocations=14 (full 4):
 PSYoungGen      total 60800K, used 0K [0x00000000f2200000, 0x00000000f6900000, 0x0000000100000000)
  eden space 60352K, 0% used [0x00000000f2200000,0x00000000f2200000,0x00000000f5cf0000)
  from space 448K, 0% used [0x00000000f6890000,0x00000000f6890000,0x00000000f6900000)
  to   space 4416K, 0% used [0x00000000f6060000,0x00000000f6060000,0x00000000f64b0000)
 ParOldGen       total 129344K, used 51759K [0x00000000d6600000, 0x00000000de450000, 0x00000000f2200000)
  object space 129344K, 40% used [0x00000000d6600000,0x00000000d988bf50,0x00000000de450000)
 PSPermGen       total 46912K, used 23082K [0x00000000cc000000, 0x00000000cedd0000, 0x00000000d6600000)
  object space 46912K, 49% used [0x00000000cc000000,0x00000000cd68a918,0x00000000cedd0000)
}
Event: 274.610 GC heap before
{Heap before GC invocations=15 (full 4):
 PSYoungGen      total 60800K, used 60352K [0x00000000f2200000, 0x00000000f6900000, 0x0000000100000000)
  eden space 60352K, 100% used [0x00000000f2200000,0x00000000f5cf0000,0x00000000f5cf0000)
  from space 448K, 0% used [0x00000000f6890000,0x00000000f6890000,0x00000000f6900000)
  to   space 4416K, 0% used [0x00000000f6060000,0x00000000f6060000,0x00000000f64b0000)
 ParOldGen       total 129344K, used 51759K [0x00000000d6600000, 0x00000000de450000, 0x00000000f2200000)
  object space 129344K, 40% used [0x00000000d6600000,0x00000000d988bf50,0x00000000de450000)
 PSPermGen       total 46912K, used 23167K [0x00000000cc000000, 0x00000000cedd0000, 0x00000000d6600000)
  object space 46912K, 49% used [0x00000000cc000000,0x00000000cd69fc18,0x00000000cedd0000)
Event: 274.616 GC heap after
Heap after GC invocations=15 (full 4):
 PSYoungGen      total 68288K, used 480K [0x00000000f2200000, 0x00000000f7300000, 0x0000000100000000)
  eden space 63872K, 0% used [0x00000000f2200000,0x00000000f2200000,0x00000000f6060000)
  from space 4416K, 10% used [0x00000000f6060000,0x00000000f60d8000,0x00000000f64b0000)
  to   space 4480K, 0% used [0x00000000f6ea0000,0x00000000f6ea0000,0x00000000f7300000)
 ParOldGen       total 129344K, used 51759K [0x00000000d6600000, 0x00000000de450000, 0x00000000f2200000)
  object space 129344K, 40% used [0x00000000d6600000,0x00000000d988bf50,0x00000000de450000)
 PSPermGen       total 46912K, used 23167K [0x00000000cc000000, 0x00000000cedd0000, 0x00000000d6600000)
  object space 46912K, 49% used [0x00000000cc000000,0x00000000cd69fc18,0x00000000cedd0000)
}
Event: 383.727 GC heap before
{Heap before GC invocations=16 (full 4):
 PSYoungGen      total 68288K, used 64344K [0x00000000f2200000, 0x00000000f7300000, 0x0000000100000000)
  eden space 63872K, 99% used [0x00000000f2200000,0x00000000f605e398,0x00000000f6060000)
  from space 4416K, 10% used [0x00000000f6060000,0x00000000f60d8000,0x00000000f64b0000)
  to   space 4480K, 0% used [0x00000000f6ea0000,0x00000000f6ea0000,0x00000000f7300000)
 ParOldGen       total 129344K, used 51759K [0x00000000d6600000, 0x00000000de450000, 0x00000000f2200000)
  object space 129344K, 40% used [0x00000000d6600000,0x00000000d988bf50,0x00000000de450000)
 PSPermGen       total 46912K, used 23240K [0x00000000cc000000, 0x00000000cedd0000, 0x00000000d6600000)
  object space 46912K, 49% used [0x00000000cc000000,0x00000000cd6b21e0,0x00000000cedd0000)
Event: 383.734 GC heap after
Heap after GC invocations=16 (full 4):
 PSYoungGen      total 78464K, used 512K [0x00000000f2200000, 0x00000000f74d0000, 0x0000000100000000)
  eden space 73984K, 0% used [0x00000000f2200000,0x00000000f2200000,0x00000000f6a40000)
  from space 4480K, 11% used [0x00000000f6ea0000,0x00000000f6f20000,0x00000000f7300000)
  to   space 4480K, 0% used [0x00000000f6a40000,0x00000000f6a40000,0x00000000f6ea0000)
 ParOldGen       total 129344K, used 51759K [0x00000000d6600000, 0x00000000de450000, 0x00000000f2200000)
  object space 129344K, 40% used [0x00000000d6600000,0x00000000d988bf50,0x00000000de450000)
 PSPermGen       total 46912K, used 23240K [0x00000000cc000000, 0x00000000cedd0000, 0x00000000d6600000)
  object space 46912K, 49% used [0x00000000cc000000,0x00000000cd6b21e0,0x00000000cedd0000)
}
Event: 526.376 GC heap before
{Heap before GC invocations=17 (full 4):
 PSYoungGen      total 78464K, used 73777K [0x00000000f2200000, 0x00000000f74d0000, 0x0000000100000000)
  eden space 73984K, 99% used [0x00000000f2200000,0x00000000f698c710,0x00000000f6a40000)
  from space 4480K, 11% used [0x00000000f6ea0000,0x00000000f6f20000,0x00000000f7300000)
  to   space 4480K, 0% used [0x00000000f6a40000,0x00000000f6a40000,0x00000000f6ea0000)
 ParOldGen       total 129344K, used 51759K [0x00000000d6600000, 0x00000000de450000, 0x00000000f2200000)
  object space 129344K, 40% used [0x00000000d6600000,0x00000000d988bf50,0x00000000de450000)
 PSPermGen       total 46912K, used 23276K [0x00000000cc000000, 0x00000000cedd0000, 0x00000000d6600000)
  object space 46912K, 49% used [0x00000000cc000000,0x00000000cd6bb3c8,0x00000000cedd0000)
Event: 526.391 GC heap after
Heap after GC invocations=17 (full 4):
 PSYoungGen      total 78464K, used 1088K [0x00000000f2200000, 0x00000000f7db0000, 0x0000000100000000)
  eden space 73984K, 0% used [0x00000000f2200000,0x00000000f2200000,0x00000000f6a40000)
  from space 4480K, 24% used [0x00000000f6a40000,0x00000000f6b50018,0x00000000f6ea0000)
  to   space 4288K, 0% used [0x00000000f7980000,0x00000000f7980000,0x00000000f7db0000)
 ParOldGen       total 129344K, used 51759K [0x00000000d6600000, 0x00000000de450000, 0x00000000f2200000)
  object space 129344K, 40% used [0x00000000d6600000,0x00000000d988bf50,0x00000000de450000)
 PSPermGen       total 46912K, used 23276K [0x00000000cc000000, 0x00000000cedd0000, 0x00000000d6600000)
  object space 46912K, 49% used [0x00000000cc000000,0x00000000cd6bb3c8,0x00000000cedd0000)
}

